<?xml version="1.0" encoding="UTF-8" ?>
<testsuite errors="0" failures="0" hostname="Alains-MacBook-Pro.local" name="airUI.pkg.roomTest" skipped="0" tests="8" time="0.111" timestamp="2015-04-13T23:03:34">
  <properties>
[...]
</properties>
  <testcase classname="airUI.pkg.roomTest" name="testGetRoom" time="0.003" />
  <testcase classname="airUI.pkg.roomTest" name="testRemoveRoom" time="0.0" />
  <testcase classname="airUI.pkg.roomTest" name="testCreateRoom" time="0.001" />
  <testcase classname="airUI.pkg.roomTest" name="testGetCarbonDioxide" time="0.0" />
  <testcase classname="airUI.pkg.roomTest" name="testGetroomList" time="0.0" />
  <testcase classname="airUI.pkg.roomTest" name="testGetMethane" time="0.001" />
  <testcase classname="airUI.pkg.roomTest" name="testDataReceived" time="0.0" />
  <testcase classname="airUI.pkg.roomTest" name="testGetHumidity" time="0.001" />
  <system-out><![CDATA[Temperature: ""
Humidity: ""
Carbon Dioxide: ""
Methane: ""
Added:  to the room List.
Temperature: ""
Humidity: ""
Carbon Dioxide: ""
Methane: ""
Added: master to the room List.
Temperature: ""
Humidity: ""
Carbon Dioxide: ""
Methane: ""
Added: kids to the room List.
getRoom: 
remove room test: 
Temperature: ""
Humidity: ""
Carbon Dioxide: ""
Methane: ""
Added: bryan to the room List.
get humidity test: 
]]></system-out>
  <system-err><![CDATA[]]></system-err>
</testsuite>
